<?xml version="1.0" encoding="UTF-8"?>
<!-- Generated by org.testng.reporters.JUnitXMLReporter -->
<testsuite ignored="0" hostname="a6" failures="0" tests="6" name="Default test" time="0.035" errors="0" timestamp="2022-06-07T17:00:00 IST">
  <testcase classname="qaclickacademy.Mavenjava.RestAPITest" name="Swiggy" time="0.007"/>
  <testcase classname="qaclickacademy.Mavenjava.RestAPITest" name="Zomato" time="0.0"/>
  <testcase classname="qaclickacademy.Mavenjava.AppiumTest" name="IOS_App" time="0.0"/>
  <testcase classname="qaclickacademy.Mavenjava.AppiumTest" name="Native_App" time="0.001"/>
  <testcase classname="qaclickacademy.Mavenjava.SeleniumTest" name="LoginDetail" time="0.001"/>
  <testcase classname="qaclickacademy.Mavenjava.SeleniumTest" name="Logout" time="0.001"/>
</testsuite> <!-- Default test -->
