<?xml version="1.0" encoding="UTF-8"?>
<testng-results ignored="0" total="6" passed="6" failed="0" skipped="0">
  <reporter-output>
  </reporter-output>
  <suite started-at="2022-06-07T17:00:00 IST" name="Default suite" finished-at="2022-06-07T17:00:00 IST" duration-ms="35">
    <groups>
    </groups>
    <test started-at="2022-06-07T17:00:00 IST" name="Default test" finished-at="2022-06-07T17:00:00 IST" duration-ms="35">
      <class name="qaclickacademy.Mavenjava.RestAPITest">
        <test-method signature="Swiggy()[pri:0, instance:qaclickacademy.Mavenjava.RestAPITest@6c130c45]" started-at="2022-06-07T17:00:00 IST" name="Swiggy" finished-at="2022-06-07T17:00:00 IST" duration-ms="7" status="PASS">
          <reporter-output>
          </reporter-output>
        </test-method> <!-- Swiggy -->
        <test-method signature="Zomato()[pri:0, instance:qaclickacademy.Mavenjava.RestAPITest@6c130c45]" started-at="2022-06-07T17:00:00 IST" name="Zomato" finished-at="2022-06-07T17:00:00 IST" duration-ms="0" status="PASS">
          <reporter-output>
          </reporter-output>
        </test-method> <!-- Zomato -->
      </class> <!-- qaclickacademy.Mavenjava.RestAPITest -->
      <class name="qaclickacademy.Mavenjava.AppiumTest">
        <test-method signature="IOS_App()[pri:0, instance:qaclickacademy.Mavenjava.AppiumTest@14555e0a]" started-at="2022-06-07T17:00:00 IST" name="IOS_App" finished-at="2022-06-07T17:00:00 IST" duration-ms="0" status="PASS">
          <reporter-output>
          </reporter-output>
        </test-method> <!-- IOS_App -->
        <test-method signature="Native_App()[pri:0, instance:qaclickacademy.Mavenjava.AppiumTest@14555e0a]" started-at="2022-06-07T17:00:00 IST" name="Native_App" finished-at="2022-06-07T17:00:00 IST" duration-ms="1" status="PASS">
          <reporter-output>
          </reporter-output>
        </test-method> <!-- Native_App -->
      </class> <!-- qaclickacademy.Mavenjava.AppiumTest -->
      <class name="qaclickacademy.Mavenjava.SeleniumTest">
        <test-method signature="LoginDetail()[pri:0, instance:qaclickacademy.Mavenjava.SeleniumTest@4bb33f74]" started-at="2022-06-07T17:00:00 IST" name="LoginDetail" finished-at="2022-06-07T17:00:00 IST" duration-ms="1" status="PASS">
          <reporter-output>
          </reporter-output>
        </test-method> <!-- LoginDetail -->
        <test-method signature="Logout()[pri:0, instance:qaclickacademy.Mavenjava.SeleniumTest@4bb33f74]" started-at="2022-06-07T17:00:00 IST" name="Logout" finished-at="2022-06-07T17:00:00 IST" duration-ms="1" status="PASS">
          <reporter-output>
          </reporter-output>
        </test-method> <!-- Logout -->
      </class> <!-- qaclickacademy.Mavenjava.SeleniumTest -->
    </test> <!-- Default test -->
  </suite> <!-- Default suite -->
</testng-results>
